<?xml version="1.0" encoding="UTF-8"?>
<testng-results skipped="0" failed="0" total="1" passed="1">
  <reporter-output>
  </reporter-output>
  <suite name="Surefire suite" duration-ms="6" started-at="2016-04-21T13:04:25Z" finished-at="2016-04-21T13:04:25Z">
    <groups>
    </groups>
    <test name="Surefire test" duration-ms="6" started-at="2016-04-21T13:04:25Z" finished-at="2016-04-21T13:04:25Z">
      <class name="com.lohika.AppTest">
        <test-method status="PASS" signature="testApp()[pri:0, instance:testApp(com.lohika.AppTest)]" name="testApp" duration-ms="0" started-at="2016-04-21T16:04:25Z" finished-at="2016-04-21T16:04:25Z">
          <reporter-output>
          </reporter-output>
        </test-method> <!-- testApp -->
      </class> <!-- com.lohika.AppTest -->
    </test> <!-- Surefire test -->
  </suite> <!-- Surefire suite -->
</testng-results>
