<?xml version="1.0" encoding="UTF-8"?>
<!-- Generated by org.testng.reporters.JUnitXMLReporter -->
<testsuite hostname="vova-pc" name="Surefire test" tests="1" failures="0" timestamp="20 Apr 2016 14:41:00 GMT" time="0.013" errors="0">
  <testcase name="@BeforeSuite setUp" time="0.0" classname="com.lohika.atf.Tests.MyFirstTest">
    <failure type="java.lang.IllegalStateException" message="The path to the driver executable must be set by the webdriver.chrome.driver system property; for more information, see http://code.google.com/p/selenium/wiki/ChromeDriver. The latest version can be downloaded from http://code.google.com/p/chromedriver/downloads/list">
      <![CDATA[java.lang.IllegalStateException: The path to the driver executable must be set by the webdriver.chrome.driver system property; for more information, see http://code.google.com/p/selenium/wiki/ChromeDriver. The latest version can be downloaded from http://code.google.com/p/chromedriver/downloads/list
	at com.google.common.base.Preconditions.checkState(Preconditions.java:176)
	at org.openqa.selenium.remote.service.DriverService.findExecutable(DriverService.java:109)
	at org.openqa.selenium.chrome.ChromeDriverService.createDefaultService(ChromeDriverService.java:75)
	at org.openqa.selenium.chrome.ChromeDriver.<init>(ChromeDriver.java:107)
	at com.lohika.atf.Core.BaseTest.setUp(BaseTest.java:22)
... Removed 22 stack frames]]>
    </failure>
  </testcase> <!-- @BeforeSuite setUp -->
  <testcase name="testMethod" time="0.001" classname="com.lohika.atf.Tests.MyFirstTest">
    <skipped/>
  </testcase> <!-- testMethod -->
</testsuite> <!-- Surefire test -->
