<?xml version="1.0" encoding="UTF-8"?>
<!-- Generated by org.testng.reporters.JUnitXMLReporter -->
<testsuite hostname="lvp1207008" name="Surefire test" tests="1" failures="1" timestamp="21 Apr 2016 13:04:25 GMT" time="0.011" errors="0">
  <testcase name="testMethod" time="0.001" classname="com.lohika.atf.Tests.MyFirstTest">
    <failure type="java.lang.NullPointerException">
      <![CDATA[java.lang.NullPointerException
	at com.lohika.atf.Tests.MyFirstTest.testMethod(MyFirstTest.java:16)
... Removed 28 stack frames]]>
    </failure>
  </testcase> <!-- testMethod -->
</testsuite> <!-- Surefire test -->
