<?xml version="1.0" encoding="UTF-8"?>
<testng-results skipped="0" failed="0" total="2" passed="2">
  <reporter-output>
  </reporter-output>
  <suite name="Surefire suite" duration-ms="17671" started-at="2016-07-25T16:03:51Z" finished-at="2016-07-25T16:04:09Z">
    <groups>
    </groups>
    <test name="Surefire test" duration-ms="17671" started-at="2016-07-25T16:03:51Z" finished-at="2016-07-25T16:04:09Z">
      <class name="com.lohika.atf.Tests.MyFirstTest">
        <test-method status="PASS" signature="setUp(java.lang.String)[pri:0, instance:com.lohika.atf.Tests.MyFirstTest@19dfb72a]" name="setUp" is-config="true" duration-ms="6968" started-at="2016-07-25T19:03:44Z" finished-at="2016-07-25T19:03:51Z">
          <params>
            <param index="0">
              <value>
                <![CDATA[ff]]>
              </value>
            </param>
          </params>
          <reporter-output>
          </reporter-output>
        </test-method> <!-- setUp -->
        <test-method status="PASS" signature="testMethod()[pri:0, instance:com.lohika.atf.Tests.MyFirstTest@19dfb72a]" name="testMethod" duration-ms="4913" started-at="2016-07-25T19:03:51Z" finished-at="2016-07-25T19:03:56Z">
          <reporter-output>
          </reporter-output>
        </test-method> <!-- testMethod -->
        <test-method status="PASS" signature="testMethod2()[pri:0, instance:com.lohika.atf.Tests.MyFirstTest@19dfb72a]" name="testMethod2" duration-ms="12741" started-at="2016-07-25T19:03:56Z" finished-at="2016-07-25T19:04:09Z">
          <reporter-output>
          </reporter-output>
        </test-method> <!-- testMethod2 -->
        <test-method status="PASS" signature="cleanUp()[pri:0, instance:com.lohika.atf.Tests.MyFirstTest@19dfb72a]" name="cleanUp" is-config="true" duration-ms="566" started-at="2016-07-25T19:04:09Z" finished-at="2016-07-25T19:04:10Z">
          <reporter-output>
          </reporter-output>
        </test-method> <!-- cleanUp -->
      </class> <!-- com.lohika.atf.Tests.MyFirstTest -->
    </test> <!-- Surefire test -->
  </suite> <!-- Surefire suite -->
</testng-results>
